2023-11-18 16:34:26,017 DEBUG Программа запущена
2023-11-18 16:34:42,133 INFO Задано количество бочонков в мешке
2023-11-18 16:34:42,133 INFO Добавлен бочонок 1 в мешок
2023-11-18 16:34:42,133 INFO Добавлен бочонок 2 в мешок
2023-11-18 16:34:42,133 INFO Добавлен бочонок 3 в мешок
2023-11-18 16:34:42,133 INFO Добавлен бочонок 4 в мешок
2023-11-18 16:34:42,133 INFO Добавлен бочонок 5 в мешок
2023-11-18 16:34:42,133 INFO Добавлен бочонок 6 в мешок
2023-11-18 16:34:42,133 INFO Добавлен бочонок 7 в мешок
2023-11-18 16:34:43,660 INFO Бочонок 4 вытащен из мешка
2023-11-18 16:34:44,476 INFO Бочонок 1 вытащен из мешка
2023-11-18 16:34:45,029 INFO Бочонок 5 вытащен из мешка
2023-11-18 16:34:45,493 INFO Бочонок 3 вытащен из мешка
2023-11-18 16:34:45,868 INFO Бочонок 6 вытащен из мешка
2023-11-18 16:34:46,333 INFO Бочонок 2 вытащен из мешка
2023-11-18 16:34:46,772 INFO Бочонок 7 вытащен из мешка
2023-11-18 16:34:46,772 INFO массив с бочонками переведен в строку
2023-11-18 16:34:46,773 INFO Из мешка были вытащены бочонки с числами: 4, 1, 5, 3, 6, 2, 7. 
2023-11-18 16:34:46,773 DEBUG Программа завершена
2023-11-18 16:35:52,963 DEBUG Программа запущена
2023-11-18 16:36:02,932 INFO Задано количество бочонков в мешке
2023-11-18 16:36:02,932 INFO Добавлен бочонок 1 в мешок
2023-11-18 16:36:02,932 INFO Добавлен бочонок 2 в мешок
2023-11-18 16:36:02,933 INFO Добавлен бочонок 3 в мешок
2023-11-18 16:36:02,933 INFO Добавлен бочонок 4 в мешок
2023-11-18 16:36:02,933 INFO Добавлен бочонок 5 в мешок
2023-11-18 16:36:02,933 INFO Добавлен бочонок 6 в мешок
2023-11-18 16:36:02,933 INFO Добавлен бочонок 7 в мешок
2023-11-18 16:36:02,933 INFO Добавлен бочонок 8 в мешок
2023-11-18 16:36:02,933 INFO Добавлен бочонок 9 в мешок
2023-11-18 16:36:02,933 INFO Добавлен бочонок 10 в мешок
2023-11-18 16:36:02,933 INFO Добавлен бочонок 11 в мешок
2023-11-18 16:36:02,933 INFO Добавлен бочонок 12 в мешок
2023-11-18 16:36:02,933 INFO Добавлен бочонок 13 в мешок
2023-11-18 16:36:03,940 INFO Бочонок 8 вытащен из мешка
2023-11-18 16:36:04,445 INFO Бочонок 13 вытащен из мешка
2023-11-18 16:36:04,916 INFO Бочонок 11 вытащен из мешка
2023-11-18 16:36:05,301 INFO Бочонок 9 вытащен из мешка
2023-11-18 16:36:05,652 INFO Бочонок 7 вытащен из мешка
2023-11-18 16:36:06,028 INFO Бочонок 3 вытащен из мешка
2023-11-18 16:36:06,381 INFO Бочонок 1 вытащен из мешка
2023-11-18 16:36:06,765 INFO Бочонок 6 вытащен из мешка
2023-11-18 16:36:07,132 INFO Бочонок 10 вытащен из мешка
2023-11-18 16:36:07,501 INFO Бочонок 2 вытащен из мешка
2023-11-18 16:36:07,980 INFO Бочонок 4 вытащен из мешка
2023-11-18 16:36:08,540 INFO Бочонок 12 вытащен из мешка
2023-11-18 16:36:09,117 INFO Бочонок 5 вытащен из мешка
2023-11-18 16:36:09,117 INFO массив с бочонками переведен в строку
2023-11-18 16:36:09,117 INFO Из мешка были вытащены бочонки с числами: 8, 13, 11, 9, 7, 3, 1, 6, 10, 2, 4, 12, 5. 
2023-11-18 16:36:09,117 DEBUG Программа завершена
2023-11-18 16:38:19,264 DEBUG Программа запущена
2023-11-18 16:38:22,652 INFO Задано количество бочонков в мешке
2023-11-18 16:38:22,652 INFO Добавлен бочонок 1 в мешок
2023-11-18 16:38:22,652 INFO Добавлен бочонок 2 в мешок
2023-11-18 16:38:22,652 INFO Добавлен бочонок 3 в мешок
2023-11-18 16:38:22,652 INFO Добавлен бочонок 4 в мешок
2023-11-18 16:38:22,652 INFO Добавлен бочонок 5 в мешок
2023-11-18 16:38:22,652 INFO Добавлен бочонок 6 в мешок
2023-11-18 16:38:22,653 INFO Добавлен бочонок 7 в мешок
2023-11-18 16:38:22,653 INFO Добавлен бочонок 8 в мешок
2023-11-18 16:38:22,653 INFO Добавлен бочонок 9 в мешок
2023-11-18 16:38:22,653 INFO Добавлен бочонок 10 в мешок
2023-11-18 16:38:22,653 INFO Добавлен бочонок 11 в мешок
2023-11-18 16:38:22,653 INFO Добавлен бочонок 12 в мешок
2023-11-18 16:38:22,653 INFO Добавлен бочонок 13 в мешок
2023-11-18 16:38:22,653 INFO Добавлен бочонок 14 в мешок
2023-11-18 16:38:22,653 INFO Добавлен бочонок 15 в мешок
2023-11-18 16:38:22,653 INFO Добавлен бочонок 16 в мешок
2023-11-18 16:38:22,653 INFO Добавлен бочонок 17 в мешок
2023-11-18 16:38:22,653 INFO Добавлен бочонок 18 в мешок
2023-11-18 16:38:22,653 INFO Добавлен бочонок 19 в мешок
2023-11-18 16:38:22,653 INFO Добавлен бочонок 20 в мешок
2023-11-18 16:38:22,653 INFO Добавлен бочонок 21 в мешок
2023-11-18 16:38:22,653 INFO Добавлен бочонок 22 в мешок
2023-11-18 16:38:22,653 INFO Добавлен бочонок 23 в мешок
2023-11-18 16:38:22,653 INFO Добавлен бочонок 24 в мешок
2023-11-18 16:38:22,653 INFO Добавлен бочонок 25 в мешок
2023-11-18 16:38:23,572 INFO Бочонок 15 вытащен из мешка
2023-11-18 16:38:24,141 INFO Бочонок 8 вытащен из мешка
2023-11-18 16:38:24,636 INFO Бочонок 12 вытащен из мешка
2023-11-18 16:38:25,044 INFO Бочонок 13 вытащен из мешка
2023-11-18 16:38:25,380 INFO Бочонок 3 вытащен из мешка
2023-11-18 16:38:25,668 INFO Бочонок 4 вытащен из мешка
2023-11-18 16:38:26,020 INFO Бочонок 2 вытащен из мешка
2023-11-18 16:38:26,356 INFO Бочонок 21 вытащен из мешка
2023-11-18 16:38:26,597 INFO Бочонок 24 вытащен из мешка
2023-11-18 16:38:26,860 INFO Бочонок 20 вытащен из мешка
2023-11-18 16:38:27,148 INFO Бочонок 10 вытащен из мешка
2023-11-18 16:38:27,444 INFO Бочонок 18 вытащен из мешка
2023-11-18 16:38:27,972 INFO Бочонок 9 вытащен из мешка
2023-11-18 16:38:28,580 INFO Бочонок 25 вытащен из мешка
2023-11-18 16:38:29,077 INFO Бочонок 23 вытащен из мешка
2023-11-18 16:38:29,636 INFO Бочонок 19 вытащен из мешка
2023-11-18 16:38:30,220 INFO Бочонок 14 вытащен из мешка
2023-11-18 16:38:30,772 INFO Бочонок 22 вытащен из мешка
2023-11-18 16:38:31,165 INFO Бочонок 5 вытащен из мешка
2023-11-18 16:38:31,636 INFO Бочонок 11 вытащен из мешка
2023-11-18 16:38:32,076 INFO Бочонок 7 вытащен из мешка
2023-11-18 16:38:32,517 INFO Бочонок 16 вытащен из мешка
2023-11-18 16:38:32,909 INFO Бочонок 6 вытащен из мешка
2023-11-18 16:38:33,340 INFO Бочонок 1 вытащен из мешка
2023-11-18 16:38:33,749 INFO Бочонок 17 вытащен из мешка
2023-11-18 16:38:33,749 INFO массив с бочонками переведен в строку
2023-11-18 16:38:33,749 INFO Из мешка были вытащены бочонки с числами: 15, 8, 12, 13, 3, 4, 2, 21, 24, 20, 10, 18, 9, 25, 23, 19, 14, 22, 5, 11, 7, 16, 6, 1, 17. 
2023-11-18 16:38:33,749 DEBUG Программа завершена
